mode: set
github.com/zohaib194/oblig2/Web/main.go:20.61,28.16 3 1
github.com/zohaib194/oblig2/Web/main.go:31.2,35.16 4 1
github.com/zohaib194/oblig2/Web/main.go:39.2,39.168 1 1
github.com/zohaib194/oblig2/Web/main.go:28.16,30.3 1 0
github.com/zohaib194/oblig2/Web/main.go:35.16,37.3 1 0
github.com/zohaib194/oblig2/Web/main.go:39.168,40.47 1 1
github.com/zohaib194/oblig2/Web/main.go:40.47,42.4 1 0
github.com/zohaib194/oblig2/Web/main.go:42.4,44.12 2 1
github.com/zohaib194/oblig2/Web/main.go:44.12,46.5 1 0
github.com/zohaib194/oblig2/Web/main.go:46.5,50.12 3 1
github.com/zohaib194/oblig2/Web/main.go:53.5,53.22 1 1
github.com/zohaib194/oblig2/Web/main.go:50.12,52.6 1 0
github.com/zohaib194/oblig2/Web/main.go:57.3,59.3 1 0
github.com/zohaib194/oblig2/Web/main.go:62.64,71.18 3 1
github.com/zohaib194/oblig2/Web/main.go:72.13,76.10 3 1
github.com/zohaib194/oblig2/Web/main.go:79.3,80.17 2 1
github.com/zohaib194/oblig2/Web/main.go:83.3,83.31 1 1
github.com/zohaib194/oblig2/Web/main.go:85.16,88.10 3 1
github.com/zohaib194/oblig2/Web/main.go:76.10,78.4 1 0
github.com/zohaib194/oblig2/Web/main.go:80.17,82.4 1 0
github.com/zohaib194/oblig2/Web/main.go:88.10,90.4 1 0
github.com/zohaib194/oblig2/Web/main.go:94.62,104.16 4 1
github.com/zohaib194/oblig2/Web/main.go:107.2,110.16 3 1
github.com/zohaib194/oblig2/Web/main.go:113.2,116.16 3 1
github.com/zohaib194/oblig2/Web/main.go:120.2,120.29 1 1
github.com/zohaib194/oblig2/Web/main.go:124.2,126.50 3 1
github.com/zohaib194/oblig2/Web/main.go:104.16,105.13 1 0
github.com/zohaib194/oblig2/Web/main.go:110.16,112.3 1 0
github.com/zohaib194/oblig2/Web/main.go:116.16,118.3 1 0
github.com/zohaib194/oblig2/Web/main.go:120.29,122.3 1 0
github.com/zohaib194/oblig2/Web/main.go:126.50,130.3 1 0
github.com/zohaib194/oblig2/Web/main.go:130.3,130.57 1 1
github.com/zohaib194/oblig2/Web/main.go:130.57,134.18 2 0
github.com/zohaib194/oblig2/Web/main.go:138.3,138.39 1 0
github.com/zohaib194/oblig2/Web/main.go:134.18,136.4 1 0
github.com/zohaib194/oblig2/Web/main.go:138.39,139.31 1 0
github.com/zohaib194/oblig2/Web/main.go:139.31,141.5 1 0
github.com/zohaib194/oblig2/Web/main.go:143.3,145.39 1 1
github.com/zohaib194/oblig2/Web/main.go:145.39,147.31 1 1
github.com/zohaib194/oblig2/Web/main.go:147.31,151.5 1 1
github.com/zohaib194/oblig2/Web/main.go:155.58,164.16 4 0
github.com/zohaib194/oblig2/Web/main.go:167.2,171.16 3 0
github.com/zohaib194/oblig2/Web/main.go:176.2,177.16 2 0
github.com/zohaib194/oblig2/Web/main.go:180.2,184.16 4 0
github.com/zohaib194/oblig2/Web/main.go:187.2,187.60 1 0
github.com/zohaib194/oblig2/Web/main.go:190.2,190.45 1 0
github.com/zohaib194/oblig2/Web/main.go:193.2,194.9 2 0
github.com/zohaib194/oblig2/Web/main.go:197.2,200.30 3 0
github.com/zohaib194/oblig2/Web/main.go:211.2,211.30 1 0
github.com/zohaib194/oblig2/Web/main.go:214.2,215.29 2 0
github.com/zohaib194/oblig2/Web/main.go:164.16,165.13 1 0
github.com/zohaib194/oblig2/Web/main.go:171.16,173.3 1 0
github.com/zohaib194/oblig2/Web/main.go:177.16,179.3 1 0
github.com/zohaib194/oblig2/Web/main.go:184.16,186.3 1 0
github.com/zohaib194/oblig2/Web/main.go:187.60,189.3 1 0
github.com/zohaib194/oblig2/Web/main.go:190.45,192.3 1 0
github.com/zohaib194/oblig2/Web/main.go:194.9,196.3 1 0
github.com/zohaib194/oblig2/Web/main.go:200.30,203.32 2 0
github.com/zohaib194/oblig2/Web/main.go:203.32,204.29 1 0
github.com/zohaib194/oblig2/Web/main.go:204.29,206.5 1 0
github.com/zohaib194/oblig2/Web/main.go:211.30,213.3 1 0
github.com/zohaib194/oblig2/Web/main.go:219.64,231.16 6 0
github.com/zohaib194/oblig2/Web/main.go:234.2,237.16 3 0
github.com/zohaib194/oblig2/Web/main.go:241.2,242.16 2 0
github.com/zohaib194/oblig2/Web/main.go:246.2,247.16 2 0
github.com/zohaib194/oblig2/Web/main.go:251.2,251.29 1 0
github.com/zohaib194/oblig2/Web/main.go:231.16,233.3 1 0
github.com/zohaib194/oblig2/Web/main.go:237.16,239.3 1 0
github.com/zohaib194/oblig2/Web/main.go:242.16,244.3 1 0
github.com/zohaib194/oblig2/Web/main.go:247.16,249.3 1 0
github.com/zohaib194/oblig2/Web/main.go:251.29,259.45 5 0
github.com/zohaib194/oblig2/Web/main.go:259.45,261.34 1 0
github.com/zohaib194/oblig2/Web/main.go:261.34,264.57 2 0
github.com/zohaib194/oblig2/Web/main.go:264.57,274.20 7 0
github.com/zohaib194/oblig2/Web/main.go:277.6,281.20 3 0
github.com/zohaib194/oblig2/Web/main.go:286.6,287.34 2 0
github.com/zohaib194/oblig2/Web/main.go:274.20,275.17 1 0
github.com/zohaib194/oblig2/Web/main.go:281.20,282.17 1 0
github.com/zohaib194/oblig2/Web/main.go:288.6,291.20 2 0
github.com/zohaib194/oblig2/Web/main.go:294.6,298.20 3 0
github.com/zohaib194/oblig2/Web/main.go:302.6,303.34 2 0
github.com/zohaib194/oblig2/Web/main.go:291.20,292.17 1 0
github.com/zohaib194/oblig2/Web/main.go:298.20,299.17 1 0
github.com/zohaib194/oblig2/Web/main.go:311.28,320.16 3 0
github.com/zohaib194/oblig2/Web/main.go:323.2,325.16 3 0
github.com/zohaib194/oblig2/Web/main.go:320.16,321.13 1 0
github.com/zohaib194/oblig2/Web/main.go:325.16,326.13 1 0
github.com/zohaib194/oblig2/Web/main.go:330.38,332.16 2 1
github.com/zohaib194/oblig2/Web/main.go:335.2,338.30 3 1
github.com/zohaib194/oblig2/Web/main.go:343.2,343.14 1 0
github.com/zohaib194/oblig2/Web/main.go:332.16,334.3 1 0
github.com/zohaib194/oblig2/Web/main.go:338.30,339.15 1 1
github.com/zohaib194/oblig2/Web/main.go:339.15,341.4 1 1
github.com/zohaib194/oblig2/Web/main.go:346.13,357.2 9 0
